[2022-05-16 01:29:16] local.ERROR: symlink(): No such file or directory {"exception":"[object] (ErrorException(code: 0): symlink(): No such file or directory at /home/alkaliuddinvb/Documents/pnqgold-web/helpdesk/vendor/laravel/framework/src/Illuminate/Filesystem/Filesystem.php:332)
[stacktrace]
#0 /home/alkaliuddinvb/Documents/pnqgold-web/helpdesk/vendor/laravel/framework/src/Illuminate/Foundation/Bootstrap/HandleExceptions.php(255): Illuminate\\Foundation\\Bootstrap\\HandleExceptions->handleError()
#1 [internal function]: Illuminate\\Foundation\\Bootstrap\\HandleExceptions->Illuminate\\Foundation\\Bootstrap\\{closure}()
#2 /home/alkaliuddinvb/Documents/pnqgold-web/helpdesk/vendor/laravel/framework/src/Illuminate/Filesystem/Filesystem.php(332): symlink()
#3 /home/alkaliuddinvb/Documents/pnqgold-web/helpdesk/vendor/laravel/framework/src/Illuminate/Foundation/Console/StorageLinkCommand.php(60): Illuminate\\Filesystem\\Filesystem->link()
#4 /home/alkaliuddinvb/Documents/pnqgold-web/helpdesk/vendor/laravel/framework/src/Illuminate/Container/BoundMethod.php(36): Illuminate\\Foundation\\Console\\StorageLinkCommand->handle()
#5 /home/alkaliuddinvb/Documents/pnqgold-web/helpdesk/vendor/laravel/framework/src/Illuminate/Container/Util.php(41): Illuminate\\Container\\BoundMethod::Illuminate\\Container\\{closure}()
#6 /home/alkaliuddinvb/Documents/pnqgold-web/helpdesk/vendor/laravel/framework/src/Illuminate/Container/BoundMethod.php(93): Illuminate\\Container\\Util::unwrapIfClosure()
#7 /home/alkaliuddinvb/Documents/pnqgold-web/helpdesk/vendor/laravel/framework/src/Illuminate/Container/BoundMethod.php(37): Illuminate\\Container\\BoundMethod::callBoundMethod()
#8 /home/alkaliuddinvb/Documents/pnqgold-web/helpdesk/vendor/laravel/framework/src/Illuminate/Container/Container.php(651): Illuminate\\Container\\BoundMethod::call()
#9 /home/alkaliuddinvb/Documents/pnqgold-web/helpdesk/vendor/laravel/framework/src/Illuminate/Console/Command.php(136): Illuminate\\Container\\Container->call()
#10 /home/alkaliuddinvb/Documents/pnqgold-web/helpdesk/vendor/symfony/console/Command/Command.php(291): Illuminate\\Console\\Command->execute()
#11 /home/alkaliuddinvb/Documents/pnqgold-web/helpdesk/vendor/laravel/framework/src/Illuminate/Console/Command.php(121): Symfony\\Component\\Console\\Command\\Command->run()
#12 /home/alkaliuddinvb/Documents/pnqgold-web/helpdesk/vendor/symfony/console/Application.php(989): Illuminate\\Console\\Command->run()
#13 /home/alkaliuddinvb/Documents/pnqgold-web/helpdesk/vendor/symfony/console/Application.php(299): Symfony\\Component\\Console\\Application->doRunCommand()
#14 /home/alkaliuddinvb/Documents/pnqgold-web/helpdesk/vendor/symfony/console/Application.php(171): Symfony\\Component\\Console\\Application->doRun()
#15 /home/alkaliuddinvb/Documents/pnqgold-web/helpdesk/vendor/laravel/framework/src/Illuminate/Console/Application.php(102): Symfony\\Component\\Console\\Application->run()
#16 /home/alkaliuddinvb/Documents/pnqgold-web/helpdesk/vendor/laravel/framework/src/Illuminate/Foundation/Console/Kernel.php(129): Illuminate\\Console\\Application->run()
#17 /home/alkaliuddinvb/Documents/pnqgold-web/helpdesk/artisan(37): Illuminate\\Foundation\\Console\\Kernel->handle()
#18 {main}
"} 
